[2025-05-21T10:16:41.091+0000] {local_task_job_runner.py:123} INFO - ::group::Pre task execution logs
[2025-05-21T10:16:41.133+0000] {taskinstance.py:2614} INFO - Dependencies all met for dep_context=non-requeueable deps ti=<TaskInstance: merge_sources_pipeline.prediction manual__2025-05-21T10:10:27.021421+00:00 [queued]>
[2025-05-21T10:16:41.154+0000] {taskinstance.py:2614} INFO - Dependencies all met for dep_context=requeueable deps ti=<TaskInstance: merge_sources_pipeline.prediction manual__2025-05-21T10:10:27.021421+00:00 [queued]>
[2025-05-21T10:16:41.155+0000] {taskinstance.py:2867} INFO - Starting attempt 2 of 3
[2025-05-21T10:16:41.180+0000] {taskinstance.py:2890} INFO - Executing <Task(_PythonDecoratedOperator): prediction> on 2025-05-21 10:10:27.021421+00:00
[2025-05-21T10:16:41.201+0000] {standard_task_runner.py:72} INFO - Started process 1710 to run task
[2025-05-21T10:16:41.211+0000] {standard_task_runner.py:104} INFO - Running: ['***', 'tasks', 'run', 'merge_sources_pipeline', 'prediction', 'manual__2025-05-21T10:10:27.021421+00:00', '--job-id', '128', '--raw', '--subdir', 'DAGS_FOLDER/inference_dag.py', '--cfg-path', '/tmp/tmp0povwh9l']
[2025-05-21T10:16:41.218+0000] {standard_task_runner.py:105} INFO - Job 128: Subtask prediction
[2025-05-21T10:16:41.322+0000] {task_command.py:467} INFO - Running <TaskInstance: merge_sources_pipeline.prediction manual__2025-05-21T10:10:27.021421+00:00 [running]> on host c735ccec6410
[2025-05-21T10:16:41.507+0000] {taskinstance.py:3134} INFO - Exporting env vars: AIRFLOW_CTX_DAG_OWNER='***' AIRFLOW_CTX_DAG_ID='merge_sources_pipeline' AIRFLOW_CTX_TASK_ID='prediction' AIRFLOW_CTX_EXECUTION_DATE='2025-05-21T10:10:27.021421+00:00' AIRFLOW_CTX_TRY_NUMBER='2' AIRFLOW_CTX_DAG_RUN_ID='manual__2025-05-21T10:10:27.021421+00:00'
[2025-05-21T10:16:41.512+0000] {taskinstance.py:732} INFO - ::endgroup::
[2025-05-21T10:16:41.590+0000] {logging_mixin.py:190} INFO - Columns in df: ['Aircraft', 'Engine', 'Seats', 'Origin Airport', 'Destination Airport', 'Distance Flown (km)', 'CO2 (kgCO2e)', 'Month', 'Day', 'Weekday', 'Takeoff_Hour']
[2025-05-21T10:16:41.591+0000] {logging_mixin.py:190} INFO - Expected features: ['Aircraft', 'Engine', 'Seats', 'Origin Airport', 'Destination Airport', 'Distance Flown (km)', 'CO2 (kgCO2e)', 'Month', 'Day', 'Weekday', 'Takeoff_Hour']
[2025-05-21T10:16:41.635+0000] {log.py:232} WARNING - 2025-05-21 10:16:41.633 | SUCCESS  | scripts.inference:run_inference:19 - Predictions succeeded, value predicted= [333148.94]
[2025-05-21T10:16:41.641+0000] {python.py:240} INFO - Done. Returned value was: [{'Aircraft': 3, 'Engine': 5, 'Seats': 180.0, 'Origin Airport': 31, 'Destination Airport': 54, 'Distance Flown (km)': 5500, 'CO2 (kgCO2e)': 1287.93, 'Month': 1, 'Day': 9, 'Weekday': 3, 'Takeoff_Hour': 15}]
[2025-05-21T10:16:41.690+0000] {taskinstance.py:341} INFO - ::group::Post task execution logs
[2025-05-21T10:16:41.692+0000] {taskinstance.py:353} INFO - Marking task as SUCCESS. dag_id=merge_sources_pipeline, task_id=prediction, run_id=manual__2025-05-21T10:10:27.021421+00:00, execution_date=20250521T101027, start_date=20250521T101641, end_date=20250521T101641
[2025-05-21T10:16:41.791+0000] {local_task_job_runner.py:266} INFO - Task exited with return code 0
[2025-05-21T10:16:41.837+0000] {taskinstance.py:3901} INFO - 0 downstream tasks scheduled from follow-on schedule check
[2025-05-21T10:16:41.841+0000] {local_task_job_runner.py:245} INFO - ::endgroup::
