[2025-05-21T11:47:08.773+0000] {local_task_job_runner.py:123} INFO - ::group::Pre task execution logs
[2025-05-21T11:47:08.917+0000] {taskinstance.py:2614} INFO - Dependencies all met for dep_context=non-requeueable deps ti=<TaskInstance: contrails_prediction_pipeline.wait_for_aircraft_file scheduled__2025-04-01T00:00:00+00:00 [queued]>
[2025-05-21T11:47:08.961+0000] {taskinstance.py:2614} INFO - Dependencies all met for dep_context=requeueable deps ti=<TaskInstance: contrails_prediction_pipeline.wait_for_aircraft_file scheduled__2025-04-01T00:00:00+00:00 [queued]>
[2025-05-21T11:47:08.964+0000] {taskinstance.py:2867} INFO - Starting attempt 1 of 2
[2025-05-21T11:47:09.050+0000] {taskinstance.py:2890} INFO - Executing <Task(FileSensor): wait_for_aircraft_file> on 2025-04-01 00:00:00+00:00
[2025-05-21T11:47:09.108+0000] {standard_task_runner.py:72} INFO - Started process 117 to run task
[2025-05-21T11:47:09.143+0000] {standard_task_runner.py:104} INFO - Running: ['***', 'tasks', 'run', 'contrails_prediction_pipeline', 'wait_for_aircraft_file', 'scheduled__2025-04-01T00:00:00+00:00', '--job-id', '137', '--raw', '--subdir', 'DAGS_FOLDER/inference_dag.py', '--cfg-path', '/tmp/tmpva01w4uy']
[2025-05-21T11:47:09.164+0000] {standard_task_runner.py:105} INFO - Job 137: Subtask wait_for_aircraft_file
[2025-05-21T11:47:09.366+0000] {task_command.py:467} INFO - Running <TaskInstance: contrails_prediction_pipeline.wait_for_aircraft_file scheduled__2025-04-01T00:00:00+00:00 [running]> on host 71f2da9c2e69
[2025-05-21T11:47:09.915+0000] {taskinstance.py:3134} INFO - Exporting env vars: AIRFLOW_CTX_DAG_OWNER='***' AIRFLOW_CTX_DAG_ID='contrails_prediction_pipeline' AIRFLOW_CTX_TASK_ID='wait_for_aircraft_file' AIRFLOW_CTX_EXECUTION_DATE='2025-04-01T00:00:00+00:00' AIRFLOW_CTX_TRY_NUMBER='1' AIRFLOW_CTX_DAG_RUN_ID='scheduled__2025-04-01T00:00:00+00:00'
[2025-05-21T11:47:09.925+0000] {taskinstance.py:732} INFO - ::endgroup::
[2025-05-21T11:47:09.936+0000] {baseoperator.py:423} WARNING - FileSensor.execute cannot be called outside TaskInstance!
[2025-05-21T11:47:10.050+0000] {base.py:84} INFO - Retrieving connection 'fs_default'
[2025-05-21T11:47:10.052+0000] {filesystem.py:109} INFO - Poking for file /opt/***/data/raw_data/aircraft_2025_04.csv
[2025-05-21T11:47:10.138+0000] {taskinstance.py:310} INFO - Rescheduling task, marking task as UP_FOR_RESCHEDULE
[2025-05-21T11:47:10.142+0000] {taskinstance.py:341} INFO - ::group::Post task execution logs
[2025-05-21T11:47:10.241+0000] {local_task_job_runner.py:266} INFO - Task exited with return code 0
[2025-05-21T11:47:10.350+0000] {taskinstance.py:3901} INFO - 0 downstream tasks scheduled from follow-on schedule check
[2025-05-21T11:47:10.357+0000] {local_task_job_runner.py:245} INFO - ::endgroup::
[2025-05-21T14:18:21.752+0000] {local_task_job_runner.py:123} INFO - ::group::Pre task execution logs
[2025-05-21T14:18:21.880+0000] {taskinstance.py:2614} INFO - Dependencies all met for dep_context=non-requeueable deps ti=<TaskInstance: contrails_prediction_pipeline.wait_for_aircraft_file scheduled__2025-04-01T00:00:00+00:00 [queued]>
[2025-05-21T14:18:21.911+0000] {taskinstance.py:2614} INFO - Dependencies all met for dep_context=requeueable deps ti=<TaskInstance: contrails_prediction_pipeline.wait_for_aircraft_file scheduled__2025-04-01T00:00:00+00:00 [queued]>
[2025-05-21T14:18:21.921+0000] {taskinstance.py:2867} INFO - Starting attempt 1 of 2
[2025-05-21T14:18:22.052+0000] {taskinstance.py:2890} INFO - Executing <Task(FileSensor): wait_for_aircraft_file> on 2025-04-01 00:00:00+00:00
[2025-05-21T14:18:22.138+0000] {standard_task_runner.py:72} INFO - Started process 122 to run task
[2025-05-21T14:18:22.198+0000] {standard_task_runner.py:104} INFO - Running: ['***', 'tasks', 'run', 'contrails_prediction_pipeline', 'wait_for_aircraft_file', 'scheduled__2025-04-01T00:00:00+00:00', '--job-id', '8', '--raw', '--subdir', 'DAGS_FOLDER/inference_dag.py', '--cfg-path', '/tmp/tmpw47farac']
[2025-05-21T14:18:22.258+0000] {standard_task_runner.py:105} INFO - Job 8: Subtask wait_for_aircraft_file
[2025-05-21T14:18:22.713+0000] {task_command.py:467} INFO - Running <TaskInstance: contrails_prediction_pipeline.wait_for_aircraft_file scheduled__2025-04-01T00:00:00+00:00 [running]> on host 86ce19bc7751
[2025-05-21T14:18:23.016+0000] {taskinstance.py:3134} INFO - Exporting env vars: AIRFLOW_CTX_DAG_OWNER='***' AIRFLOW_CTX_DAG_ID='contrails_prediction_pipeline' AIRFLOW_CTX_TASK_ID='wait_for_aircraft_file' AIRFLOW_CTX_EXECUTION_DATE='2025-04-01T00:00:00+00:00' AIRFLOW_CTX_TRY_NUMBER='1' AIRFLOW_CTX_DAG_RUN_ID='scheduled__2025-04-01T00:00:00+00:00'
[2025-05-21T14:18:23.027+0000] {taskinstance.py:732} INFO - ::endgroup::
[2025-05-21T14:18:23.035+0000] {baseoperator.py:423} WARNING - FileSensor.execute cannot be called outside TaskInstance!
[2025-05-21T14:18:23.089+0000] {base.py:84} INFO - Retrieving connection 'fs_default'
[2025-05-21T14:18:23.090+0000] {filesystem.py:109} INFO - Poking for file /opt/***/data/raw_data/aircraft_2025_04.csv
[2025-05-21T14:18:23.243+0000] {taskinstance.py:310} INFO - Rescheduling task, marking task as UP_FOR_RESCHEDULE
[2025-05-21T14:18:23.249+0000] {taskinstance.py:341} INFO - ::group::Post task execution logs
[2025-05-21T14:18:23.386+0000] {local_task_job_runner.py:266} INFO - Task exited with return code 0
[2025-05-21T14:18:23.468+0000] {local_task_job_runner.py:245} INFO - ::endgroup::
